# JRE version: Java(TM) SE Runtime Environment (7.0_67-b01) (build 1.7.0_67-b01)
# Java VM: Java HotSpot(TM) 64-Bit Server VM (24.65-b04 mixed mode windows-amd64 compressed oops)
Heap
 PSYoungGen      total 268800K, used 150119K [0x00000007ac100000, 0x00000007bd200000, 0x0000000800000000)
  eden space 258048K, 58% used [0x00000007ac100000,0x00000007b5399e88,0x00000007bbd00000)
  from space 10752K, 0% used [0x00000007bc780000,0x00000007bc780000,0x00000007bd200000)
  to   space 10752K, 0% used [0x00000007bbd00000,0x00000007bbd00000,0x00000007bc780000)
 ParOldGen       total 283136K, used 105288K [0x0000000704400000, 0x0000000715880000, 0x00000007ac100000)
  object space 283136K, 37% used [0x0000000704400000,0x000000070aad20a0,0x0000000715880000)
 PSPermGen       total 21504K, used 4776K [0x00000006ff200000, 0x0000000700700000, 0x0000000704400000)
  object space 21504K, 22% used [0x00000006ff200000,0x00000006ff6aa340,0x0000000700700000)
GC Heap History (10 events):
Event: 1.699 GC heap before
{Heap before GC invocations=1 (full 0):
 PSYoungGen      total 75264K, used 64512K [0x00000007ac100000, 0x00000007b1500000, 0x0000000800000000)
  eden space 64512K, 100% used [0x00000007ac100000,0x00000007b0000000,0x00000007b0000000)
  from space 10752K, 0% used [0x00000007b0a80000,0x00000007b0a80000,0x00000007b1500000)
  to   space 10752K, 0% used [0x00000007b0000000,0x00000007b0000000,0x00000007b0a80000)
 ParOldGen       total 171520K, used 0K [0x0000000704400000, 0x000000070eb80000, 0x00000007ac100000)
  object space 171520K, 0% used [0x0000000704400000,0x0000000704400000,0x000000070eb80000)
 PSPermGen       total 21504K, used 4729K [0x00000006ff200000, 0x0000000700700000, 0x0000000704400000)
  object space 21504K, 21% used [0x00000006ff200000,0x00000006ff69e5f0,0x0000000700700000)
Event: 1.761 GC heap after
Heap after GC invocations=1 (full 0):
 PSYoungGen      total 75264K, used 10727K [0x00000007ac100000, 0x00000007b5400000, 0x0000000800000000)
  eden space 64512K, 0% used [0x00000007ac100000,0x00000007ac100000,0x00000007b0000000)
  from space 10752K, 99% used [0x00000007b0000000,0x00000007b0a79e78,0x00000007b0a80000)
  to   space 10752K, 0% used [0x00000007b4980000,0x00000007b4980000,0x00000007b5400000)
 ParOldGen       total 171520K, used 19971K [0x0000000704400000, 0x000000070eb80000, 0x00000007ac100000)
  object space 171520K, 11% used [0x0000000704400000,0x0000000705780f18,0x000000070eb80000)
 PSPermGen       total 21504K, used 4729K [0x00000006ff200000, 0x0000000700700000, 0x0000000704400000)
  object space 21504K, 21% used [0x00000006ff200000,0x00000006ff69e5f0,0x0000000700700000)
}
Event: 2.135 GC heap before
{Heap before GC invocations=2 (full 0):
 PSYoungGen      total 75264K, used 75239K [0x00000007ac100000, 0x00000007b5400000, 0x0000000800000000)
  eden space 64512K, 100% used [0x00000007ac100000,0x00000007b0000000,0x00000007b0000000)
  from space 10752K, 99% used [0x00000007b0000000,0x00000007b0a79e78,0x00000007b0a80000)
  to   space 10752K, 0% used [0x00000007b4980000,0x00000007b4980000,0x00000007b5400000)
 ParOldGen       total 171520K, used 19971K [0x0000000704400000, 0x000000070eb80000, 0x00000007ac100000)
  object space 171520K, 11% used [0x0000000704400000,0x0000000705780f18,0x000000070eb80000)
 PSPermGen       total 21504K, used 4729K [0x00000006ff200000, 0x0000000700700000, 0x0000000704400000)
  object space 21504K, 21% used [0x00000006ff200000,0x00000006ff69e6c8,0x0000000700700000)
Event: 2.198 GC heap after
Heap after GC invocations=2 (full 0):
 PSYoungGen      total 139776K, used 10727K [0x00000007ac100000, 0x00000007b5400000, 0x0000000800000000)
  eden space 129024K, 0% used [0x00000007ac100000,0x00000007ac100000,0x00000007b3f00000)
  from space 10752K, 99% used [0x00000007b4980000,0x00000007b53f9e58,0x00000007b5400000)
  to   space 10752K, 0% used [0x00000007b3f00000,0x00000007b3f00000,0x00000007b4980000)
 ParOldGen       total 171520K, used 48675K [0x0000000704400000, 0x000000070eb80000, 0x00000007ac100000)
  object space 171520K, 28% used [0x0000000704400000,0x0000000707388f28,0x000000070eb80000)
 PSPermGen       total 21504K, used 4729K [0x00000006ff200000, 0x0000000700700000, 0x0000000704400000)
  object space 21504K, 21% used [0x00000006ff200000,0x00000006ff69e6c8,0x0000000700700000)
}
Event: 2.850 GC heap before
{Heap before GC invocations=3 (full 0):
 PSYoungGen      total 139776K, used 139751K [0x00000007ac100000, 0x00000007b5400000, 0x0000000800000000)
  eden space 129024K, 100% used [0x00000007ac100000,0x00000007b3f00000,0x00000007b3f00000)
  from space 10752K, 99% used [0x00000007b4980000,0x00000007b53f9e58,0x00000007b5400000)
  to   space 10752K, 0% used [0x00000007b3f00000,0x00000007b3f00000,0x00000007b4980000)
 ParOldGen       total 171520K, used 48675K [0x0000000704400000, 0x000000070eb80000, 0x00000007ac100000)
  object space 171520K, 28% used [0x0000000704400000,0x0000000707388f28,0x000000070eb80000)
 PSPermGen       total 21504K, used 4731K [0x00000006ff200000, 0x0000000700700000, 0x0000000704400000)
  object space 21504K, 22% used [0x00000006ff200000,0x00000006ff69edb0,0x0000000700700000)
Event: 2.940 GC heap after
Heap after GC invocations=3 (full 0):
 PSYoungGen      total 139776K, used 10727K [0x00000007ac100000, 0x00000007bd200000, 0x0000000800000000)
  eden space 129024K, 0% used [0x00000007ac100000,0x00000007ac100000,0x00000007b3f00000)
  from space 10752K, 99% used [0x00000007b3f00000,0x00000007b4979c80,0x00000007b4980000)
  to   space 10752K, 0% used [0x00000007bc780000,0x00000007bc780000,0x00000007bd200000)
 ParOldGen       total 171520K, used 94666K [0x0000000704400000, 0x000000070eb80000, 0x00000007ac100000)
  object space 171520K, 55% used [0x0000000704400000,0x000000070a072ba8,0x000000070eb80000)
 PSPermGen       total 21504K, used 4731K [0x00000006ff200000, 0x0000000700700000, 0x0000000704400000)
  object space 21504K, 22% used [0x00000006ff200000,0x00000006ff69edb0,0x0000000700700000)
}
Event: 3.469 GC heap before
{Heap before GC invocations=4 (full 0):
 PSYoungGen      total 139776K, used 139751K [0x00000007ac100000, 0x00000007bd200000, 0x0000000800000000)
  eden space 129024K, 100% used [0x00000007ac100000,0x00000007b3f00000,0x00000007b3f00000)
  from space 10752K, 99% used [0x00000007b3f00000,0x00000007b4979c80,0x00000007b4980000)
  to   space 10752K, 0% used [0x00000007bc780000,0x00000007bc780000,0x00000007bd200000)
 ParOldGen       total 171520K, used 94666K [0x0000000704400000, 0x000000070eb80000, 0x00000007ac100000)
  object space 171520K, 55% used [0x0000000704400000,0x000000070a072ba8,0x000000070eb80000)
 PSPermGen       total 21504K, used 4777K [0x00000006ff200000, 0x0000000700700000, 0x0000000704400000)
  object space 21504K, 22% used [0x00000006ff200000,0x00000006ff6aa7c0,0x0000000700700000)
Event: 3.541 GC heap after
Heap after GC invocations=4 (full 0):
 PSYoungGen      total 268800K, used 10743K [0x00000007ac100000, 0x00000007bd200000, 0x0000000800000000)
  eden space 258048K, 0% used [0x00000007ac100000,0x00000007ac100000,0x00000007bbd00000)
  from space 10752K, 99% used [0x00000007bc780000,0x00000007bd1fde68,0x00000007bd200000)
  to   space 10752K, 0% used [0x00000007bbd00000,0x00000007bbd00000,0x00000007bc780000)
 ParOldGen       total 171520K, used 157633K [0x0000000704400000, 0x000000070eb80000, 0x00000007ac100000)
  object space 171520K, 91% used [0x0000000704400000,0x000000070ddf0420,0x000000070eb80000)
 PSPermGen       total 21504K, used 4777K [0x00000006ff200000, 0x0000000700700000, 0x0000000704400000)
  object space 21504K, 22% used [0x00000006ff200000,0x00000006ff6aa7c0,0x0000000700700000)
}
Event: 3.541 GC heap before
{Heap before GC invocations=5 (full 1):
 PSYoungGen      total 268800K, used 10743K [0x00000007ac100000, 0x00000007bd200000, 0x0000000800000000)
  eden space 258048K, 0% used [0x00000007ac100000,0x00000007ac100000,0x00000007bbd00000)
  from space 10752K, 99% used [0x00000007bc780000,0x00000007bd1fde68,0x00000007bd200000)
  to   space 10752K, 0% used [0x00000007bbd00000,0x00000007bbd00000,0x00000007bc780000)
 ParOldGen       total 171520K, used 157633K [0x0000000704400000, 0x000000070eb80000, 0x00000007ac100000)
  object space 171520K, 91% used [0x0000000704400000,0x000000070ddf0420,0x000000070eb80000)
 PSPermGen       total 21504K, used 4777K [0x00000006ff200000, 0x0000000700700000, 0x0000000704400000)
  object space 21504K, 22% used [0x00000006ff200000,0x00000006ff6aa7c0,0x0000000700700000)
Event: 4.381 GC heap after
Heap after GC invocations=5 (full 1):
 PSYoungGen      total 268800K, used 0K [0x00000007ac100000, 0x00000007bd200000, 0x0000000800000000)
  eden space 258048K, 0% used [0x00000007ac100000,0x00000007ac100000,0x00000007bbd00000)
  from space 10752K, 0% used [0x00000007bc780000,0x00000007bc780000,0x00000007bd200000)
  to   space 10752K, 0% used [0x00000007bbd00000,0x00000007bbd00000,0x00000007bc780000)
 ParOldGen       total 283136K, used 105288K [0x0000000704400000, 0x0000000715880000, 0x00000007ac100000)
  object space 283136K, 37% used [0x0000000704400000,0x000000070aad20a0,0x0000000715880000)
 PSPermGen       total 21504K, used 4776K [0x00000006ff200000, 0x0000000700700000, 0x0000000704400000)
  object space 21504K, 22% used [0x00000006ff200000,0x00000006ff6aa210,0x0000000700700000)
}

